<?xml version="1.0" encoding="UTF-8"?>
<testng-results skipped="0" failed="0" total="1" passed="1">
  <reporter-output>
  </reporter-output>
  <suite name="Default suite" duration-ms="11348" started-at="2016-01-18T19:19:35Z" finished-at="2016-01-18T19:19:47Z">
    <groups>
    </groups>
    <test name="Default test" duration-ms="11348" started-at="2016-01-18T19:19:35Z" finished-at="2016-01-18T19:19:47Z">
      <class name="Cal_test.CSVRead">
        <test-method status="PASS" signature="setup()[pri:0, instance:Cal_test.CSVRead@61a52fbd]" name="setup" is-config="true" duration-ms="6494" started-at="2016-01-18T11:19:35Z" finished-at="2016-01-18T11:19:42Z">
          <reporter-output>
          </reporter-output>
        </test-method> <!-- setup -->
        <test-method status="PASS" signature="csvDataRead()[pri:0, instance:Cal_test.CSVRead@61a52fbd]" name="csvDataRead" duration-ms="4845" started-at="2016-01-18T11:19:42Z" finished-at="2016-01-18T11:19:47Z">
          <reporter-output>
          </reporter-output>
        </test-method> <!-- csvDataRead -->
      </class> <!-- Cal_test.CSVRead -->
    </test> <!-- Default test -->
  </suite> <!-- Default suite -->
</testng-results>
